<?xml version="1.0" encoding="UTF-8"?>
<!-- Generated by org.testng.reporters.JUnitReportReporter -->
<testsuite hostname="Nithya" failures="0" tests="6" name="AuthTests" time="32.755" errors="0" timestamp="2025-01-25T19:14:46 IST" skipped="0">
  <testcase classname="AuthTests" name="testSignInFailure" time="5.460"/>
  <testcase classname="AuthTests" name="testSignOut" time="6.690"/>
  <testcase classname="AuthTests" name="testSignUpSuccess" time="5.951"/>
  <testcase classname="AuthTests" name="testSignUpPasswordMismatch" time="5.912"/>
  <testcase classname="AuthTests" name="testSignUpFailure" time="4.574"/>
  <testcase classname="AuthTests" name="testSignUpPasswordValidation" time="4.168"/>
</testsuite> <!-- AuthTests -->
